0 info it worked if it ends with ok
1 verbose cli [ 'C:\\Program Files\\nodejs\\node.exe',
1 verbose cli   'C:\\Program Files\\nodejs\\node_modules\\npm\\bin\\npm-cli.js',
1 verbose cli   'start' ]
2 info using npm@3.10.10
3 info using node@v6.9.5
4 verbose run-script [ 'prestart', 'start', 'poststart' ]
5 info lifecycle project_is_team@0.0.1~prestart: project_is_team@0.0.1
6 silly lifecycle project_is_team@0.0.1~prestart: no script for prestart, continuing
7 info lifecycle project_is_team@0.0.1~start: project_is_team@0.0.1
8 verbose lifecycle project_is_team@0.0.1~start: unsafe-perm in lifecycle true
9 verbose lifecycle project_is_team@0.0.1~start: PATH: C:\Program Files\nodejs\node_modules\npm\bin\node-gyp-bin;C:\Users\HOANGLAN\Desktop\project-is\node_modules\.bin;C:\Users\HOANGLAN\AppData\Roaming\npm;C:\Program Files\nodejs\;D:\app\HOANGLAN\product\11.2.0\dbhome_2\bin;C:\Program Files (x86)\PC Connectivity Solution\;C:\Program Files\Broadcom\Broadcom 802.11 Network Adapter;C:\ProgramData\Oracle\Java\javapath;C:\WINDOWS\system32;C:\WINDOWS;C:\WINDOWS\System32\Wbem;C:\WINDOWS\System32\WindowsPowerShell\v1.0\;C:\Program Files (x86)\Windows Kits\8.1\Windows Performance Toolkit\;C:\Program Files\Microsoft SQL Server\110\Tools\Binn\;C:\Program Files (x86)\Microsoft SDKs\TypeScript\1.0\;C:\Program Files\Microsoft SQL Server\120\Tools\Binn\;C:\Program Files\WIDCOMM\Bluetooth Software\;C:\Program Files\WIDCOMM\Bluetooth Software\syswow64;C:\Program Files\Microsoft SQL Server\Client SDK\ODBC\110\Tools\Binn\;C:\Program Files (x86)\Microsoft SQL Server\120\Tools\Binn\;C:\Program Files\Microsoft SQL Server\120\DTS\Binn\;C:\Program Files (x86)\Microsoft SQL Server\120\Tools\Binn\ManagementStudio\;C:\Program Files (x86)\Microsoft SQL Server\120\DTS\Binn\;C:\Program Files\nodejs\;C:\Program Files (x86)\Skype\Phone\;C:\Program Files (x86)\Microsoft Visual Studio 12.0\Common7\IDE\PrivateAssemblies\;C:\Program Files\TortoiseGit\bin;C:\Program Files\Git\cmd;C:\Users\HOANGLAN\AppData\Local\Microsoft\WindowsApps;C:\Users\HOANGLAN\AppData\Roaming\npm;
10 verbose lifecycle project_is_team@0.0.1~start: CWD: C:\Users\HOANGLAN\Desktop\project-is
11 silly lifecycle project_is_team@0.0.1~start: Args: [ '/d /s /c', 'nodemon index.js' ]
12 silly lifecycle project_is_team@0.0.1~start: Returned: code: 1  signal: null
13 info lifecycle project_is_team@0.0.1~start: Failed to exec start script
14 verbose stack Error: project_is_team@0.0.1 start: `nodemon index.js`
14 verbose stack Exit status 1
14 verbose stack     at EventEmitter.<anonymous> (C:\Program Files\nodejs\node_modules\npm\lib\utils\lifecycle.js:255:16)
14 verbose stack     at emitTwo (events.js:106:13)
14 verbose stack     at EventEmitter.emit (events.js:191:7)
14 verbose stack     at ChildProcess.<anonymous> (C:\Program Files\nodejs\node_modules\npm\lib\utils\spawn.js:40:14)
14 verbose stack     at emitTwo (events.js:106:13)
14 verbose stack     at ChildProcess.emit (events.js:191:7)
14 verbose stack     at maybeClose (internal/child_process.js:877:16)
14 verbose stack     at Process.ChildProcess._handle.onexit (internal/child_process.js:226:5)
15 verbose pkgid project_is_team@0.0.1
16 verbose cwd C:\Users\HOANGLAN\Desktop\project-is
17 error Windows_NT 10.0.15063
18 error argv "C:\\Program Files\\nodejs\\node.exe" "C:\\Program Files\\nodejs\\node_modules\\npm\\bin\\npm-cli.js" "start"
19 error node v6.9.5
20 error npm  v3.10.10
21 error code ELIFECYCLE
22 error project_is_team@0.0.1 start: `nodemon index.js`
22 error Exit status 1
23 error Failed at the project_is_team@0.0.1 start script 'nodemon index.js'.
23 error Make sure you have the latest version of node.js and npm installed.
23 error If you do, this is most likely a problem with the project_is_team package,
23 error not with npm itself.
23 error Tell the author that this fails on your system:
23 error     nodemon index.js
23 error You can get information on how to open an issue for this project with:
23 error     npm bugs project_is_team
23 error Or if that isn't available, you can get their info via:
23 error     npm owner ls project_is_team
23 error There is likely additional logging output above.
24 verbose exit [ 1, true ]
